<?xml version="1.0" encoding="UTF-8"?>
<!-- Generated by org.testng.reporters.JUnitXMLReporter -->
<testsuite ignored="0" hostname="DESKTOP-Q07UC7H" failures="0" tests="13" name="Accounts Page Test" time="65.37" errors="0" timestamp="2024-08-21T17:42:56 IST">
  <testcase classname="com.qa.opencart.tests.AccountsPageTest" name="accountHeaderTest" time="0.394"/>
  <testcase classname="com.qa.opencart.tests.AccountsPageTest" name="accountHeaderValueTest" time="0.274"/>
  <testcase classname="com.qa.opencart.tests.AccountsPageTest" name="accountsPageTitleTest" time="0.041"/>
  <testcase classname="com.qa.opencart.tests.AccountsPageTest" name="accountsPageUrlTest" time="0.105"/>
  <testcase classname="com.qa.opencart.tests.AccountsPageTest" name="isLogoutLinkExistTest" time="0.266"/>
  <testcase classname="com.qa.opencart.tests.AccountsPageTest" name="searchProductCountTest" time="3.249"/>
  <testcase classname="com.qa.opencart.tests.AccountsPageTest" name="searchProductCountTest" time="4.007"/>
  <testcase classname="com.qa.opencart.tests.AccountsPageTest" name="searchProductCountTest" time="2.658"/>
  <testcase classname="com.qa.opencart.tests.AccountsPageTest" name="searchProductCountTest" time="2.816"/>
  <testcase classname="com.qa.opencart.tests.AccountsPageTest" name="searchProductTest" time="5.063"/>
  <testcase classname="com.qa.opencart.tests.AccountsPageTest" name="searchProductTest" time="4.381"/>
  <testcase classname="com.qa.opencart.tests.AccountsPageTest" name="searchProductTest" time="4.403"/>
  <testcase classname="com.qa.opencart.tests.AccountsPageTest" name="searchProductTest" time="4.583"/>
</testsuite> <!-- Accounts Page Test -->
