<?xml version="1.0" encoding="UTF-8"?>
<!-- Generated by org.testng.reporters.JUnitXMLReporter -->
<testsuite ignored="0" hostname="DESKTOP-Q07UC7H" failures="0" tests="4" name="Login Page Test" time="37.786" errors="0" timestamp="2024-08-21T17:42:28 IST">
  <testcase classname="com.qa.opencart.tests.LoginPageTest" name="loginPageTitleTest" time="0.428"/>
  <testcase classname="com.qa.opencart.tests.LoginPageTest" name="loginPageUrlTest" time="0.17"/>
  <testcase classname="com.qa.opencart.tests.LoginPageTest" name="forgotpassLinkExistTest" time="0.166"/>
  <testcase classname="com.qa.opencart.tests.LoginPageTest" name="loginTest" time="7.432"/>
</testsuite> <!-- Login Page Test -->
