<?xml version="1.0" encoding="UTF-8"?>
<!-- Generated by org.testng.reporters.JUnitXMLReporter -->
<testsuite ignored="0" hostname="DESKTOP-Q07UC7H" failures="0" tests="4" name="Login Page Test" time="34.031" errors="0" timestamp="2024-08-14T16:25:31 IST">
  <testcase classname="com.qa.opencart.tests.LoginPageTest" name="loginPageTitleTest" time="0.445"/>
  <testcase classname="com.qa.opencart.tests.LoginPageTest" name="loginPageUrlTest" time="0.139"/>
  <testcase classname="com.qa.opencart.tests.LoginPageTest" name="forgotpassLinkExistTest" time="0.147"/>
  <testcase classname="com.qa.opencart.tests.LoginPageTest" name="loginTest" time="6.802"/>
</testsuite> <!-- Login Page Test -->
