<?xml version="1.0" encoding="UTF-8"?>
<!-- Generated by org.testng.reporters.JUnitXMLReporter -->
<testsuite ignored="0" hostname="DESKTOP-Q07UC7H" failures="0" tests="4" name="Login Page Test_chrome_90.0" time="14.664" errors="0" timestamp="2024-08-22T13:56:56 IST">
  <testcase classname="com.qa.opencart.tests.LoginPageTest" name="loginPageTitleTest" time="0.124"/>
  <testcase classname="com.qa.opencart.tests.LoginPageTest" name="loginPageUrlTest" time="0.045"/>
  <testcase classname="com.qa.opencart.tests.LoginPageTest" name="forgotpassLinkExistTest" time="0.121"/>
  <testcase classname="com.qa.opencart.tests.LoginPageTest" name="loginTest" time="3.239"/>
</testsuite> <!-- Login Page Test_chrome_90.0 -->
