<?xml version="1.0" encoding="UTF-8"?>
<!-- Generated by org.testng.reporters.JUnitXMLReporter -->
<testsuite ignored="0" hostname="DESKTOP-Q07UC7H" failures="0" tests="4" name="Login Page Test_chrome_90.0" time="39.56" errors="0" timestamp="2024-08-28T11:18:56 IST">
  <testcase classname="com.qa.opencart.tests.LoginPageTest" name="loginPageTitleTest" time="0.632"/>
  <testcase classname="com.qa.opencart.tests.LoginPageTest" name="loginPageUrlTest" time="0.248"/>
  <testcase classname="com.qa.opencart.tests.LoginPageTest" name="forgotpassLinkExistTest" time="0.108"/>
  <testcase classname="com.qa.opencart.tests.LoginPageTest" name="loginTest" time="5.618"/>
</testsuite> <!-- Login Page Test_chrome_90.0 -->
