<?xml version="1.0" encoding="UTF-8"?>
<!-- Generated by org.testng.reporters.JUnitXMLReporter -->
<testsuite ignored="0" hostname="DESKTOP-Q07UC7H" failures="0" tests="9" name="ProdcutInfo Page Test" time="110.952" errors="0" timestamp="2024-08-20T13:31:54 IST">
  <testcase classname="com.qa.opencart.tests.ProductInfoPageTest" name="addToCartMultipleProductTest" time="13.245"/>
  <testcase classname="com.qa.opencart.tests.ProductInfoPageTest" name="addToCartMultipleProductTest" time="8.187"/>
  <testcase classname="com.qa.opencart.tests.ProductInfoPageTest" name="addToCartMultipleProductTest" time="9.996"/>
  <testcase classname="com.qa.opencart.tests.ProductInfoPageTest" name="addToCartSingleProductTest" time="10.791"/>
  <testcase classname="com.qa.opencart.tests.ProductInfoPageTest" name="productImagecountTest" time="3.959"/>
  <testcase classname="com.qa.opencart.tests.ProductInfoPageTest" name="productImagecountTest" time="8.239"/>
  <testcase classname="com.qa.opencart.tests.ProductInfoPageTest" name="productImagecountTest" time="6.738"/>
  <testcase classname="com.qa.opencart.tests.ProductInfoPageTest" name="productImagecountTest" time="8.63"/>
  <testcase classname="com.qa.opencart.tests.ProductInfoPageTest" name="productInfoTest" time="4.313"/>
</testsuite> <!-- ProdcutInfo Page Test -->
