<?xml version="1.0" encoding="UTF-8"?>
<!-- Generated by org.testng.reporters.JUnitXMLReporter -->
<testsuite ignored="0" hostname="DESKTOP-Q07UC7H" failures="0" tests="3" name="RegistrationPageTest_90.0" time="75.253" errors="0" timestamp="2024-08-28T11:19:30 IST">
  <testcase classname="com.qa.opencart.tests.RegistrationPageTest" name="userRegTest" time="14.91"/>
  <testcase classname="com.qa.opencart.tests.RegistrationPageTest" name="userRegTest" time="12.494"/>
  <testcase classname="com.qa.opencart.tests.RegistrationPageTest" name="userRegTest" time="12.671"/>
</testsuite> <!-- RegistrationPageTest_90.0 -->
