<?xml version="1.0" encoding="UTF-8"?>
<!-- Generated by org.testng.reporters.JUnitXMLReporter -->
<testsuite ignored="0" hostname="DESKTOP-Q07UC7H" failures="0" tests="3" name="Registration Page Test" time="74.672" errors="0" timestamp="2024-08-14T16:26:12 IST">
  <testcase classname="com.qa.opencart.tests.RegistrationPageTest" name="userRegTest" time="14.451"/>
  <testcase classname="com.qa.opencart.tests.RegistrationPageTest" name="userRegTest" time="14.725"/>
  <testcase classname="com.qa.opencart.tests.RegistrationPageTest" name="userRegTest" time="13.567"/>
</testsuite> <!-- Registration Page Test -->
