<?xml version="1.0" encoding="UTF-8"?>
<!-- Generated by org.testng.reporters.JUnitXMLReporter -->
<testsuite ignored="0" hostname="DESKTOP-Q07UC7H" failures="0" tests="4" name="Default test" time="44.814" errors="0" timestamp="2024-08-14T13:26:45 IST">
  <testcase classname="com.qa.opencart.tests.LoginPageTest" name="loginPageTitleTest" time="0.392"/>
  <testcase classname="com.qa.opencart.tests.LoginPageTest" name="loginPageUrlTest" time="0.127"/>
  <testcase classname="com.qa.opencart.tests.LoginPageTest" name="forgotpassLinkExistTest" time="0.347"/>
  <testcase classname="com.qa.opencart.tests.LoginPageTest" name="loginTest" time="4.09"/>
</testsuite> <!-- Default test -->
