<?xml version="1.0" encoding="UTF-8"?>
<testng-results ignored="0" total="4" passed="4" failed="0" skipped="0">
  <reporter-output>
  </reporter-output>
  <suite started-at="2024-07-23T16:17:57 IST" name="Default suite" finished-at="2024-07-23T16:18:19 IST" duration-ms="21587">
    <groups>
    </groups>
    <test started-at="2024-07-23T16:17:57 IST" name="Default test" finished-at="2024-07-23T16:18:19 IST" duration-ms="21587">
      <class name="com.qa.opencart.tests.LoginPageTest">
        <test-method is-config="true" signature="setUp()[pri:0, instance:com.qa.opencart.tests.LoginPageTest@431f1eaf]" started-at="2024-07-23T16:17:57 IST" name="setUp" finished-at="2024-07-23T16:18:17 IST" duration-ms="19299" status="PASS">
          <reporter-output>
          </reporter-output>
        </test-method> <!-- setUp -->
        <test-method signature="loginPageTitleTest()[pri:1, instance:com.qa.opencart.tests.LoginPageTest@431f1eaf]" started-at="2024-07-23T16:18:17 IST" name="loginPageTitleTest" finished-at="2024-07-23T16:18:17 IST" duration-ms="229" status="PASS">
          <reporter-output>
          </reporter-output>
        </test-method> <!-- loginPageTitleTest -->
        <test-method signature="loginPageUrlTest()[pri:2, instance:com.qa.opencart.tests.LoginPageTest@431f1eaf]" started-at="2024-07-23T16:18:17 IST" name="loginPageUrlTest" finished-at="2024-07-23T16:18:17 IST" duration-ms="29" status="PASS">
          <reporter-output>
          </reporter-output>
        </test-method> <!-- loginPageUrlTest -->
        <test-method signature="forgotpassLinkExistTest()[pri:3, instance:com.qa.opencart.tests.LoginPageTest@431f1eaf]" started-at="2024-07-23T16:18:17 IST" name="forgotpassLinkExistTest" finished-at="2024-07-23T16:18:17 IST" duration-ms="71" status="PASS">
          <reporter-output>
          </reporter-output>
        </test-method> <!-- forgotpassLinkExistTest -->
        <test-method signature="loginTest()[pri:4, instance:com.qa.opencart.tests.LoginPageTest@431f1eaf]" started-at="2024-07-23T16:18:17 IST" name="loginTest" finished-at="2024-07-23T16:18:18 IST" duration-ms="693" status="PASS">
          <reporter-output>
          </reporter-output>
        </test-method> <!-- loginTest -->
        <test-method is-config="true" signature="teardown()[pri:0, instance:com.qa.opencart.tests.LoginPageTest@431f1eaf]" started-at="2024-07-23T16:18:18 IST" name="teardown" finished-at="2024-07-23T16:18:19 IST" duration-ms="810" status="PASS">
          <reporter-output>
          </reporter-output>
        </test-method> <!-- teardown -->
      </class> <!-- com.qa.opencart.tests.LoginPageTest -->
    </test> <!-- Default test -->
  </suite> <!-- Default suite -->
</testng-results>
